<?xml version="1.0" encoding="UTF-8"?>
<testsuite name="it.uniba.main.test.AppMainTest" tests="5" skipped="0" failures="0" errors="0" timestamp="2020-05-24T14:07:39" hostname="LAPTOP-6NLKKOBG" time="0.023">
  <properties/>
  <testcase name="unsuccessfullQuitCommandTest()" classname="it.uniba.main.test.AppMainTest" time="0.01"/>
  <testcase name="successfulRePlayCommandTest()" classname="it.uniba.main.test.AppMainTest" time="0.004"/>
  <testcase name="unsuccessfulQuitCommandTest()" classname="it.uniba.main.test.AppMainTest" time="0.001"/>
  <testcase name="successfulQuitCommandTest()" classname="it.uniba.main.test.AppMainTest" time="0.002"/>
  <testcase name="unsuccessfulRePlayCommandTest()" classname="it.uniba.main.test.AppMainTest" time="0.003"/>
  <system-out><![CDATA[]]></system-out>
  <system-err><![CDATA[]]></system-err>
</testsuite>
