<?xml version="1.0" encoding="UTF-8"?>
<testsuite name="it.uniba.chess.pieces.test.PieceTest" tests="6" skipped="0" failures="0" errors="0" timestamp="2020-05-24T14:37:23" hostname="LAPTOP-6NLKKOBG" time="0.048">
  <properties/>
  <testcase name="pieceDifferentClassTest()" classname="it.uniba.chess.pieces.test.PieceTest" time="0.038"/>
  <testcase name="pieceDifferentUnicodeTest()" classname="it.uniba.chess.pieces.test.PieceTest" time="0.001"/>
  <testcase name="pieceDifferentMovedTest()" classname="it.uniba.chess.pieces.test.PieceTest" time="0.001"/>
  <testcase name="pieceSameReferenceTest()" classname="it.uniba.chess.pieces.test.PieceTest" time="0.002"/>
  <testcase name="pieceHashCodeTest()" classname="it.uniba.chess.pieces.test.PieceTest" time="0.001"/>
  <testcase name="pieceDifferentColorTest()" classname="it.uniba.chess.pieces.test.PieceTest" time="0.001"/>
  <system-out><![CDATA[]]></system-out>
  <system-err><![CDATA[]]></system-err>
</testsuite>
