<?xml version="1.0" encoding="UTF-8"?>
<testsuite name="it.uniba.chess.test.InputValidatorTest" tests="111" skipped="0" failures="0" errors="0" timestamp="2020-05-24T14:37:23" hostname="LAPTOP-6NLKKOBG" time="0.221">
  <properties/>
  <testcase name="blackKingDisambiguationErrorTest()" classname="it.uniba.chess.test.InputValidatorTest" time="0.001"/>
  <testcase name="rookBlackMovementwithDifferentFileTest()" classname="it.uniba.chess.test.InputValidatorTest" time="0.002"/>
  <testcase name="queenWhiteDiagonalMovementTest()" classname="it.uniba.chess.test.InputValidatorTest" time="0.001"/>
  <testcase name="rookWhiteMovementWithDifferentRankNoRookErrorTest()" classname="it.uniba.chess.test.InputValidatorTest" time="0.001"/>
  <testcase name="whiteKingMoveDefendedByPawnsTest()" classname="it.uniba.chess.test.InputValidatorTest" time="0.003"/>
  <testcase name="rookBlackMovementwithFileTest()" classname="it.uniba.chess.test.InputValidatorTest" time="0.001"/>
  <testcase name="rookWhitePieceInbetweenUpperErrorTest()" classname="it.uniba.chess.test.InputValidatorTest" time="0.003"/>
  <testcase name="blackKingCaptureDefendedByKnightTest()" classname="it.uniba.chess.test.InputValidatorTest" time="0.002"/>
  <testcase name="knightWhiteMovementWithOneFileTest()" classname="it.uniba.chess.test.InputValidatorTest" time="0.001"/>
  <testcase name="rookBlackMovementwithDifferentRankNoRookErrorTest()" classname="it.uniba.chess.test.InputValidatorTest" time="0.0"/>
  <testcase name="whiteKingCaptureDefendedByKnightTest()" classname="it.uniba.chess.test.InputValidatorTest" time="0.001"/>
  <testcase name="rookWhiteMovementTest()" classname="it.uniba.chess.test.InputValidatorTest" time="0.001"/>
  <testcase name="bishopWhiteMovementWithRankTest()" classname="it.uniba.chess.test.InputValidatorTest" time="0.001"/>
  <testcase name="blackKingMoveDefendedByPawnsTest()" classname="it.uniba.chess.test.InputValidatorTest" time="0.001"/>
  <testcase name="bishopWhiteMovementWithWrongRankTest()" classname="it.uniba.chess.test.InputValidatorTest" time="0.001"/>
  <testcase name="blackRooksWithYDisambiguationErrorTest()" classname="it.uniba.chess.test.InputValidatorTest" time="0.004"/>
  <testcase name="kingBlackMovementTest()" classname="it.uniba.chess.test.InputValidatorTest" time="0.001"/>
  <testcase name="rookWhiteCaptureTest()" classname="it.uniba.chess.test.InputValidatorTest" time="0.001"/>
  <testcase name="kingBlackCaptureTest()" classname="it.uniba.chess.test.InputValidatorTest" time="0.002"/>
  <testcase name="blackRooksWithXDisambiguationErrorTest()" classname="it.uniba.chess.test.InputValidatorTest" time="0.001"/>
  <testcase name="rookWhiteMovementWithDifferentFileTest()" classname="it.uniba.chess.test.InputValidatorTest" time="0.001"/>
  <testcase name="blackRooksErrorTest()" classname="it.uniba.chess.test.InputValidatorTest" time="0.002"/>
  <testcase name="rookBlackPieceInbetweenUpperErrorTest()" classname="it.uniba.chess.test.InputValidatorTest" time="0.004"/>
  <testcase name="whiteKingCaptureDefendedByKingTest()" classname="it.uniba.chess.test.InputValidatorTest" time="0.001"/>
  <testcase name="queenBlackDiagonalMovementTest()" classname="it.uniba.chess.test.InputValidatorTest" time="0.001"/>
  <testcase name="rookWhitePieceInbetweenEasternErrorTest()" classname="it.uniba.chess.test.InputValidatorTest" time="0.001"/>
  <testcase name="movesPrintTest()" classname="it.uniba.chess.test.InputValidatorTest" time="0.001"/>
  <testcase name="helpMenuTest()" classname="it.uniba.chess.test.InputValidatorTest" time="0.0"/>
  <testcase name="knightBlackMovementTest()" classname="it.uniba.chess.test.InputValidatorTest" time="0.0"/>
  <testcase name="bishopBlackMovementwithRankTest()" classname="it.uniba.chess.test.InputValidatorTest" time="0.001"/>
  <testcase name="eastWhiteTest()" classname="it.uniba.chess.test.InputValidatorTest" time="0.002"/>
  <testcase name="rookWhiteMovementWithRankTest()" classname="it.uniba.chess.test.InputValidatorTest" time="0.001"/>
  <testcase name="whitePinTest()" classname="it.uniba.chess.test.InputValidatorTest" time="0.002"/>
  <testcase name="rookBlackPieceInbetweenEasternErrorTest()" classname="it.uniba.chess.test.InputValidatorTest" time="0.002"/>
  <testcase name="bishopWhiteMovementTest()" classname="it.uniba.chess.test.InputValidatorTest" time="0.001"/>
  <testcase name="rookWhiteMovementWithDifferentFileErrorTest()" classname="it.uniba.chess.test.InputValidatorTest" time="0.001"/>
  <testcase name="inactiveShortCastlingTest()" classname="it.uniba.chess.test.InputValidatorTest" time="0.004"/>
  <testcase name="bishopBlackMovementwithWrongFileTest()" classname="it.uniba.chess.test.InputValidatorTest" time="0.001"/>
  <testcase name="rookBlackMovementwithDifferentRankTest()" classname="it.uniba.chess.test.InputValidatorTest" time="0.0"/>
  <testcase name="knightBlackMovementWithOneFileTest()" classname="it.uniba.chess.test.InputValidatorTest" time="0.0"/>
  <testcase name="rookBlackMovementwithRankTest()" classname="it.uniba.chess.test.InputValidatorTest" time="0.0"/>
  <testcase name="knightWhiteMovementWithOneRankTest()" classname="it.uniba.chess.test.InputValidatorTest" time="0.0"/>
  <testcase name="rookBlackCaptureTest()" classname="it.uniba.chess.test.InputValidatorTest" time="0.001"/>
  <testcase name="itIsNotABlackRookYErrorTest()" classname="it.uniba.chess.test.InputValidatorTest" time="0.001"/>
  <testcase name="whiteRooksErrorTest()" classname="it.uniba.chess.test.InputValidatorTest" time="0.001"/>
  <testcase name="whiteKingVsBlackKingCaptureTest()" classname="it.uniba.chess.test.InputValidatorTest" time="0.001"/>
  <testcase name="rookWhiteMovementWithDifferentRankTest()" classname="it.uniba.chess.test.InputValidatorTest" time="0.001"/>
  <testcase name="itIsNotABlackRookXErrorTest()" classname="it.uniba.chess.test.InputValidatorTest" time="0.001"/>
  <testcase name="rookBlackPieceInbetweeWesternErrorTest()" classname="it.uniba.chess.test.InputValidatorTest" time="0.001"/>
  <testcase name="rookWhitePieceInbetweenLowerErrorTest()" classname="it.uniba.chess.test.InputValidatorTest" time="0.002"/>
  <testcase name="kingWhiteMovementTest()" classname="it.uniba.chess.test.InputValidatorTest" time="0.001"/>
  <testcase name="boardActiveGameTest()" classname="it.uniba.chess.test.InputValidatorTest" time="0.003"/>
  <testcase name="rookWhitePieceInbetweenWesternErrorTest()" classname="it.uniba.chess.test.InputValidatorTest" time="0.001"/>
  <testcase name="rookBlackPieceInbetweenLowerErrorTest()" classname="it.uniba.chess.test.InputValidatorTest" time="0.002"/>
  <testcase name="bishopBlackMovementwithWrongRankTest()" classname="it.uniba.chess.test.InputValidatorTest" time="0.001"/>
  <testcase name="noBlackRooksXTest()" classname="it.uniba.chess.test.InputValidatorTest" time="0.002"/>
  <testcase name="noBlackRooksYTest()" classname="it.uniba.chess.test.InputValidatorTest" time="0.002"/>
  <testcase name="knightWhiteMovementTest()" classname="it.uniba.chess.test.InputValidatorTest" time="0.001"/>
  <testcase name="blackKingCaptureDefendedByKingTest()" classname="it.uniba.chess.test.InputValidatorTest" time="0.001"/>
  <testcase name="knightBlackMovementWithOneRankTest()" classname="it.uniba.chess.test.InputValidatorTest" time="0.0"/>
  <testcase name="knightWhiteMovementWithFileTest()" classname="it.uniba.chess.test.InputValidatorTest" time="0.003"/>
  <testcase name="queenBlackMovementTest()" classname="it.uniba.chess.test.InputValidatorTest" time="0.001"/>
  <testcase name="itIsNotAWhiteRookYErrorTest()" classname="it.uniba.chess.test.InputValidatorTest" time="0.001"/>
  <testcase name="rookBlackMovementwithDifferentFileErrorTest()" classname="it.uniba.chess.test.InputValidatorTest" time="0.001"/>
  <testcase name="itIsNotAWhiteRookXErrorTest()" classname="it.uniba.chess.test.InputValidatorTest" time="0.001"/>
  <testcase name="whiteKingCaptureDefendedByPawnTest()" classname="it.uniba.chess.test.InputValidatorTest" time="0.001"/>
  <testcase name="grammaticallyWrongMoveTest()" classname="it.uniba.chess.test.InputValidatorTest" time="0.0"/>
  <testcase name="rookWhiteMovementWithDifferentFileNoRookErrorTest()" classname="it.uniba.chess.test.InputValidatorTest" time="0.001"/>
  <testcase name="knightBlackMovementWithFileTest()" classname="it.uniba.chess.test.InputValidatorTest" time="0.001"/>
  <testcase name="rookBlackMovementwithDifferentFileNoRookErrorTest()" classname="it.uniba.chess.test.InputValidatorTest" time="0.002"/>
  <testcase name="rookBlackMovementwithDifferentFile2Test()" classname="it.uniba.chess.test.InputValidatorTest" time="0.001"/>
  <testcase name="queenBlackIllegalMovementTest()" classname="it.uniba.chess.test.InputValidatorTest" time="0.002"/>
  <testcase name="blackPinCaptureTest()" classname="it.uniba.chess.test.InputValidatorTest" time="0.002"/>
  <testcase name="blackKingVsWhiteKingCaptureTest()" classname="it.uniba.chess.test.InputValidatorTest" time="0.002"/>
  <testcase name="knightWhiteMovementWithRankTest()" classname="it.uniba.chess.test.InputValidatorTest" time="0.001"/>
  <testcase name="knightBlackIllegalMovementTest()" classname="it.uniba.chess.test.InputValidatorTest" time="0.001"/>
  <testcase name="boardInactiveGameTest()" classname="it.uniba.chess.test.InputValidatorTest" time="0.0"/>
  <testcase name="rookBlackMovementTest()" classname="it.uniba.chess.test.InputValidatorTest" time="0.0"/>
  <testcase name="pawnBlackCaptureNormalOKTest()" classname="it.uniba.chess.test.InputValidatorTest" time="0.004"/>
  <testcase name="queenWhiteIllegalMovementTest()" classname="it.uniba.chess.test.InputValidatorTest" time="0.002"/>
  <testcase name="capturesPrintTest()" classname="it.uniba.chess.test.InputValidatorTest" time="0.001"/>
  <testcase name="noWhiteRooksXTest()" classname="it.uniba.chess.test.InputValidatorTest" time="0.002"/>
  <testcase name="noWhiteRooksYTest()" classname="it.uniba.chess.test.InputValidatorTest" time="0.002"/>
  <testcase name="queenBlackIllegalMoveTest()" classname="it.uniba.chess.test.InputValidatorTest" time="0.002"/>
  <testcase name="rookWhiteMovementWithDifferentFile2Test()" classname="it.uniba.chess.test.InputValidatorTest" time="0.001"/>
  <testcase name="queenWhiteIllegalMoveTest()" classname="it.uniba.chess.test.InputValidatorTest" time="0.001"/>
  <testcase name="rookBlackMovementwithDifferentRank2Test()" classname="it.uniba.chess.test.InputValidatorTest" time="0.001"/>
  <testcase name="whiteRooksWithYDisambiguationErrorTest()" classname="it.uniba.chess.test.InputValidatorTest" time="0.002"/>
  <testcase name="queenWhiteMovementTest()" classname="it.uniba.chess.test.InputValidatorTest" time="0.0"/>
  <testcase name="whiteRooksWithXDisambiguationErrorTest()" classname="it.uniba.chess.test.InputValidatorTest" time="0.001"/>
  <testcase name="blackPinTest()" classname="it.uniba.chess.test.InputValidatorTest" time="0.001"/>
  <testcase name="bishopWhiteMovementWithFileTest()" classname="it.uniba.chess.test.InputValidatorTest" time="0.001"/>
  <testcase name="whitePinCaptureTest()" classname="it.uniba.chess.test.InputValidatorTest" time="0.002"/>
  <testcase name="knightWhiteIllegalMovementTest()" classname="it.uniba.chess.test.InputValidatorTest" time="0.005"/>
  <testcase name="bishopWhiteMovementWithWrongFileTest()" classname="it.uniba.chess.test.InputValidatorTest" time="0.003"/>
  <testcase name="knightBlackMovementWithRankTest()" classname="it.uniba.chess.test.InputValidatorTest" time="0.001"/>
  <testcase name="eastBlackTest()" classname="it.uniba.chess.test.InputValidatorTest" time="0.001"/>
  <testcase name="inactiveGameMoveTest()" classname="it.uniba.chess.test.InputValidatorTest" time="0.001"/>
  <testcase name="wrongRookBlackColorYErrorTest()" classname="it.uniba.chess.test.InputValidatorTest" time="0.002"/>
  <testcase name="wrongRookWhiteColorYErrorTest()" classname="it.uniba.chess.test.InputValidatorTest" time="0.001"/>
  <testcase name="bishopBlackMovementTest()" classname="it.uniba.chess.test.InputValidatorTest" time="0.001"/>
  <testcase name="inactiveLongCastlingTest()" classname="it.uniba.chess.test.InputValidatorTest" time="0.001"/>
  <testcase name="blackKingCaptureDefendedByPawnTest()" classname="it.uniba.chess.test.InputValidatorTest" time="0.001"/>
  <testcase name="wrongRookBlackColorXErrorTest()" classname="it.uniba.chess.test.InputValidatorTest" time="0.001"/>
  <testcase name="wrongRookWhiteColorXErrorTest()" classname="it.uniba.chess.test.InputValidatorTest" time="0.002"/>
  <testcase name="kingWhiteCaptureTest()" classname="it.uniba.chess.test.InputValidatorTest" time="0.002"/>
  <testcase name="bishopBlackMovementwithFileTest()" classname="it.uniba.chess.test.InputValidatorTest" time="0.001"/>
  <testcase name="rookWhiteMovementWithFileTest()" classname="it.uniba.chess.test.InputValidatorTest" time="0.001"/>
  <testcase name="rookWhiteMovementWithDifferentRank2Test()" classname="it.uniba.chess.test.InputValidatorTest" time="0.0"/>
  <testcase name="pawnIllegalMoveTest()" classname="it.uniba.chess.test.InputValidatorTest" time="0.001"/>
  <testcase name="whiteKingDisambiguationErrorTest()" classname="it.uniba.chess.test.InputValidatorTest" time="0.001"/>
  <system-out><![CDATA[]]></system-out>
  <system-err><![CDATA[]]></system-err>
</testsuite>
